Set prefix='/usr'
Set target='x86_64-unknown-linux-gnu'
Set build='x86_64-pc-linux-gnu'
Guessing build platform
Result: x86_64-pc-linux-gnu

Assuming cross-compilation for 'x86_64-unknown-linux-gnu'
Guessing target architecture
Result: x86_64-unknown-linux-gnu

Respawning configure for build and target platforms

> cnf/configure --keeplog --mode=buildmini --build=x86_64-pc-linux-gnu --buildarch=x86_64-pc-linux-gnu --target-name=x86_64-unknown-linux-gnu --target-arch=x86_64-unknown-linux-gnu
Set keeplog='1'
Set mode='buildmini'
Set build='x86_64-pc-linux-gnu'
Set buildarch='x86_64-pc-linux-gnu'
Set user target_name='x86_64-unknown-linux-gnu'
Set user target_arch='x86_64-unknown-linux-gnu'
Configuring build-time miniperl for x86_64-pc-linux-gnu (x86_64-pc-linux-gnu)
Getting the current patchlevel...
Set package='perl5'
	revision=5
Set revision='5'
	patchlevel=16
Set patchlevel='16'
	subversion=3
Set subversion='3'
	api_revision=5
Set api_revision='5'
	api_version=16
Set api_version='16'
	api_subversion=0
Set api_subversion='0'
	patchlevel=
	You have perl5 version 16 subversion 3
Set PERL_CONFIG_SH='true'
Set PERL_REVISION='5'
Set PERL_VERSION='16'
Set PERL_SUBVERSION='3'
Set PERL_API_REVISION='5'
Set PERL_API_VERSION='16'
Set PERL_API_SUBVERSION='0'
Set api_versionstring='5.16.0'
Checking which hints to use
	got arch='x86_64' mach='pc' base='linux' type='linux-gnu'
	no hints for host-x86_64-pc-linux-gnu
	no hints for x86_64-pc-linux-gnu
	no hints for host-x86_64-pc
	no hints for x86_64-pc
	no hints for host-x86_64
	no hints for x86_64
	no hints for host-linux-gnu
	using cnf/hints/linux-gnu
Set user d_voidsig='define'
Set user d_semctl_semid_ds='define'
Set user d_semctl_semun='undef'
Set user d_snprintf='define'
Set user d_vsnprintf='define'
Set user ccdefines='-D_POSIX_C_SOURCE -D_XOPEN_SOURCE -D_GNU_SOURCE'
	no hints for host-linux
	using cnf/hints/linux
Set user d_nanosleep='define'
Set user d_clock_gettime='define'
Set user d_clock_getres='define'
Set user d_clock_nanosleep='define'
Set user d_clock='define'
Set user d_lstat='define'
Set user usemallocwrap='define'
	no hints for host-default
	using cnf/hints/default
Set user _o='.o'
Set user _a='.a'
Set user so='so'
Set user useposix='true'
Set user disable_win32='1'
Set user disable_win32api_file='1'
Set user disable_win32core='1'
Set user libswanted='m crypt pthread sfio socket inet nsl nm ndbm gdbm dbm db malloc dl dld ld sun sec util c cposix posix ucb BSD gdbm_compat'
Set archname='x86_64-linux'

Checking for C compiler
Result: none found

Checking for linker
Result: none found

Checking for ar
Result: none found

Checking for ranlib
Result: none found

Checking for readelf
Set readelf='readelf'
Result: readelf

Checking for objdump
Result: none found

Set cpp=' -E'
ERROR: configure --mode=buildmini failed
